[12-Jul-2021 14:49:35] NOTICE: fpm is running, pid 1987
[12-Jul-2021 14:49:35] NOTICE: ready to handle connections
[12-Jul-2021 18:01:21] WARNING: [pool www] child 1991 said into stderr: "libpng warning: Interlace handling should be turned on when using png_read_image"
[12-Jul-2021 18:01:23] WARNING: [pool www] child 1991 said into stderr: "libpng warning: Interlace handling should be turned on when using png_read_image"
[12-Jul-2021 20:05:34] NOTICE: Terminating ...
[12-Jul-2021 20:05:34] NOTICE: Terminating ...
[12-Jul-2021 20:05:34] NOTICE: exiting, bye-bye!
[12-Jul-2021 21:36:50] NOTICE: fpm is running, pid 1106
[12-Jul-2021 21:36:50] NOTICE: ready to handle connections
[13-Jul-2021 01:48:07] NOTICE: Terminating ...
[13-Jul-2021 01:48:07] NOTICE: Terminating ...
[13-Jul-2021 01:48:07] NOTICE: exiting, bye-bye!
[13-Jul-2021 08:16:15] NOTICE: fpm is running, pid 1044
[13-Jul-2021 08:16:15] NOTICE: ready to handle connections
[13-Jul-2021 10:23:31] NOTICE: Terminating ...
[13-Jul-2021 10:23:31] NOTICE: Terminating ...
[13-Jul-2021 10:23:31] NOTICE: exiting, bye-bye!
[13-Jul-2021 18:40:07] NOTICE: fpm is running, pid 914
[13-Jul-2021 18:40:07] NOTICE: ready to handle connections
[13-Jul-2021 22:02:16] WARNING: [pool www] child 918 said into stderr: "libpng warning: Interlace handling should be turned on when using png_read_image"
[13-Jul-2021 22:02:16] WARNING: [pool www] child 918 said into stderr: "libpng warning: Interlace handling should be turned on when using png_read_image"
[13-Jul-2021 22:02:16] WARNING: [pool www] child 917 said into stderr: "libpng warning: Interlace handling should be turned on when using png_read_image"
[13-Jul-2021 22:02:16] WARNING: [pool www] child 917 said into stderr: "libpng warning: Interlace handling should be turned on when using png_read_image"
[14-Jul-2021 00:16:40] NOTICE: Terminating ...
[14-Jul-2021 00:16:40] NOTICE: Terminating ...
[14-Jul-2021 00:16:40] NOTICE: exiting, bye-bye!
[14-Jul-2021 09:45:12] NOTICE: fpm is running, pid 1305
[14-Jul-2021 09:45:12] NOTICE: ready to handle connections
[14-Jul-2021 14:08:16] NOTICE: Terminating ...
[14-Jul-2021 14:08:16] NOTICE: Terminating ...
[14-Jul-2021 14:08:16] NOTICE: exiting, bye-bye!
[14-Jul-2021 20:11:30] NOTICE: fpm is running, pid 1494
[14-Jul-2021 20:11:30] NOTICE: ready to handle connections
[14-Jul-2021 21:17:10] NOTICE: Terminating ...
[14-Jul-2021 21:17:10] NOTICE: Terminating ...
[14-Jul-2021 21:17:10] NOTICE: exiting, bye-bye!
[15-Jul-2021 06:04:19] NOTICE: fpm is running, pid 2629
[15-Jul-2021 06:04:19] NOTICE: ready to handle connections
[15-Jul-2021 06:09:08] NOTICE: Terminating ...
[15-Jul-2021 06:09:08] NOTICE: Terminating ...
[15-Jul-2021 06:09:08] NOTICE: exiting, bye-bye!
[15-Jul-2021 11:50:01] NOTICE: fpm is running, pid 1868
[15-Jul-2021 11:50:01] NOTICE: ready to handle connections
[15-Jul-2021 15:54:08] NOTICE: Terminating ...
[15-Jul-2021 15:54:08] NOTICE: Terminating ...
[15-Jul-2021 15:54:08] NOTICE: exiting, bye-bye!
[15-Jul-2021 17:32:03] NOTICE: fpm is running, pid 1891
[15-Jul-2021 17:32:03] NOTICE: ready to handle connections
[15-Jul-2021 21:22:20] NOTICE: Terminating ...
[15-Jul-2021 21:22:20] NOTICE: Terminating ...
[15-Jul-2021 21:22:20] NOTICE: exiting, bye-bye!
[16-Jul-2021 18:36:17] NOTICE: fpm is running, pid 1861
[16-Jul-2021 18:36:17] NOTICE: ready to handle connections
[17-Jul-2021 05:53:36] NOTICE: Terminating ...
[17-Jul-2021 05:53:36] NOTICE: Terminating ...
[17-Jul-2021 05:53:36] NOTICE: exiting, bye-bye!
[17-Jul-2021 20:01:42] NOTICE: fpm is running, pid 3424
[17-Jul-2021 20:01:42] NOTICE: ready to handle connections
[17-Jul-2021 20:10:47] NOTICE: Terminating ...
[17-Jul-2021 20:10:47] NOTICE: Terminating ...
[17-Jul-2021 20:10:47] NOTICE: exiting, bye-bye!
[18-Jul-2021 18:20:29] NOTICE: fpm is running, pid 1038
[18-Jul-2021 18:20:29] NOTICE: ready to handle connections
[18-Jul-2021 22:35:16] NOTICE: Terminating ...
[18-Jul-2021 22:35:16] NOTICE: Terminating ...
[18-Jul-2021 22:35:16] NOTICE: exiting, bye-bye!
[21-Jul-2021 13:02:49] NOTICE: fpm is running, pid 1650
[21-Jul-2021 13:02:49] NOTICE: ready to handle connections
[21-Jul-2021 19:04:13] NOTICE: Terminating ...
[21-Jul-2021 19:04:13] NOTICE: Terminating ...
[21-Jul-2021 19:04:13] NOTICE: exiting, bye-bye!
[23-Jul-2021 09:03:17] NOTICE: fpm is running, pid 2505
[23-Jul-2021 09:03:17] NOTICE: ready to handle connections
[23-Jul-2021 09:04:12] NOTICE: Terminating ...
[23-Jul-2021 09:04:12] NOTICE: Terminating ...
[23-Jul-2021 09:04:12] NOTICE: exiting, bye-bye!
[01-Aug-2021 10:32:00] NOTICE: fpm is running, pid 2312
[01-Aug-2021 10:32:00] NOTICE: ready to handle connections
[01-Aug-2021 11:36:07] NOTICE: Terminating ...
[01-Aug-2021 11:36:07] NOTICE: Terminating ...
[01-Aug-2021 11:36:07] NOTICE: exiting, bye-bye!
[27-Aug-2021 10:49:58] NOTICE: fpm is running, pid 29273
[27-Aug-2021 10:49:58] NOTICE: ready to handle connections
[27-Aug-2021 12:41:23] NOTICE: Terminating ...
[27-Aug-2021 12:41:23] NOTICE: Terminating ...
[27-Aug-2021 12:41:23] NOTICE: exiting, bye-bye!
[05-Oct-2021 21:34:24] NOTICE: fpm is running, pid 19230
[05-Oct-2021 21:34:24] NOTICE: ready to handle connections
[05-Oct-2021 22:30:52] NOTICE: Terminating ...
[05-Oct-2021 22:30:52] NOTICE: Terminating ...
[05-Oct-2021 22:30:52] NOTICE: exiting, bye-bye!
[02-Nov-2021 12:26:01] NOTICE: fpm is running, pid 5678
[02-Nov-2021 12:26:01] NOTICE: ready to handle connections
[02-Nov-2021 14:38:26] NOTICE: Terminating ...
[02-Nov-2021 14:38:26] NOTICE: Terminating ...
[02-Nov-2021 14:38:26] NOTICE: exiting, bye-bye!
[26-Nov-2021 18:57:12] NOTICE: fpm is running, pid 1696
[26-Nov-2021 18:57:12] NOTICE: ready to handle connections
[26-Nov-2021 20:30:55] NOTICE: Terminating ...
[26-Nov-2021 20:30:55] NOTICE: Terminating ...
[26-Nov-2021 20:30:55] NOTICE: exiting, bye-bye!
[19-Dec-2021 08:28:16] NOTICE: fpm is running, pid 11561
[19-Dec-2021 08:28:16] NOTICE: ready to handle connections
[21-Dec-2021 10:16:25] NOTICE: Terminating ...
[21-Dec-2021 10:16:25] NOTICE: Terminating ...
[21-Dec-2021 10:16:25] NOTICE: exiting, bye-bye!
[06-Jan-2022 19:56:27] NOTICE: fpm is running, pid 19982
[06-Jan-2022 19:56:27] NOTICE: ready to handle connections
[06-Jan-2022 20:14:09] NOTICE: Terminating ...
[06-Jan-2022 20:14:09] NOTICE: Terminating ...
[06-Jan-2022 20:14:09] NOTICE: exiting, bye-bye!
[15-May-2022 07:31:18] NOTICE: fpm is running, pid 5772
[15-May-2022 07:31:18] NOTICE: ready to handle connections
[15-May-2022 12:53:46] NOTICE: Terminating ...
[15-May-2022 12:53:46] NOTICE: Terminating ...
[15-May-2022 12:53:46] NOTICE: exiting, bye-bye!
[18-May-2022 11:48:51] NOTICE: fpm is running, pid 7256
[18-May-2022 11:48:51] NOTICE: ready to handle connections
[18-May-2022 11:50:06] NOTICE: Terminating ...
[18-May-2022 11:50:06] NOTICE: Terminating ...
[18-May-2022 11:50:06] NOTICE: exiting, bye-bye!
